<?xml version="1.0" encoding="UTF-8"?>
<!-- Generated by org.testng.reporters.JUnitReportReporter -->
<testsuite hostname="LAPTOP-PFDOKATC" failures="0" tests="2" name="CampaignTest.CreateCampaign" time="34.843" errors="0" timestamp="2025-03-29T20:55:26 IST" skipped="0">
  <testcase classname="CampaignTest.CreateCampaign" name="createCampaignDateTest" time="18.963">
    <system-out>
      <![CDATA[Campaign QSP_87 added successfully]]>
    </system-out>
  </testcase> <!-- createCampaignDateTest -->
  <testcase classname="CampaignTest.CreateCampaign" name="createCampaignTest" time="15.880">
    <system-out>
      <![CDATA[Campaign QSP_374 added successfully]]>
    </system-out>
  </testcase> <!-- createCampaignTest -->
  <system-out>
    <![CDATA[Campaign QSP_87 added successfully
Campaign QSP_374 added successfully
Contact Test_881 added successfully]]>
  </system-out>
</testsuite> <!-- CampaignTest.CreateCampaign -->
