<?xml version="1.0" encoding="UTF-8"?>
<!-- Generated by org.testng.reporters.JUnitReportReporter -->
<testsuite hostname="LAPTOP-PFDOKATC" failures="0" tests="1" name="ContactTest.createContactTest" time="18.738" errors="0" timestamp="2025-04-11T23:20:56 IST" skipped="0">
  <testcase classname="ContactTest.createContactTest" name="createContactWithCampaignTest" time="18.738">
    <system-out>
      <![CDATA[Contact Test_1691 added successfully]]>
    </system-out>
  </testcase> <!-- createContactWithCampaignTest -->
  <system-out>
    <![CDATA[Campaign QSP_4128 added successfully
Campaign QSP_1221 added successfully
Product iPhone_2687 added successfully
Validation is successful
Contact Test_1691 added successfully]]>
  </system-out>
</testsuite> <!-- ContactTest.createContactTest -->
