<?xml version="1.0" encoding="UTF-8"?>
<!-- Generated by org.testng.reporters.JUnitReportReporter -->
<testsuite hostname="LAPTOP-PFDOKATC" failures="0" tests="2" name="CampaignTest.CreateCampaignTest" time="28.653" errors="0" timestamp="2025-04-11T23:20:56 IST" skipped="0">
  <testcase classname="CampaignTest.CreateCampaignTest" name="createCampaignWithDateTest" time="14.281">
    <system-out>
      <![CDATA[Campaign QSP_1221 added successfully]]>
    </system-out>
  </testcase> <!-- createCampaignWithDateTest -->
  <testcase classname="CampaignTest.CreateCampaignTest" name="createCampaignTest" time="14.372">
    <system-out>
      <![CDATA[Campaign QSP_4128 added successfully]]>
    </system-out>
  </testcase> <!-- createCampaignTest -->
  <system-out>
    <![CDATA[Campaign QSP_4128 added successfully
Campaign QSP_1221 added successfully
Product iPhone_2687 added successfully
Validation is successful
Contact Test_1691 added successfully]]>
  </system-out>
</testsuite> <!-- CampaignTest.CreateCampaignTest -->
