<?xml version="1.0" encoding="UTF-8"?>
<!-- Generated by org.testng.reporters.JUnitReportReporter -->
<testsuite hostname="LAPTOP-PFDOKATC" failures="0" tests="2" name="CampaignTest.CreateCampaignTest" time="31.840" errors="0" timestamp="2025-04-04T21:04:27 IST" skipped="0">
  <testcase classname="CampaignTest.CreateCampaignTest" name="createCampaignTest" time="16.754">
    <system-out>
      <![CDATA[Campaign QSP_3277 added successfully]]>
    </system-out>
  </testcase> <!-- createCampaignTest -->
  <testcase classname="CampaignTest.CreateCampaignTest" name="createCampaignWithDateTest" time="15.086">
    <system-out>
      <![CDATA[Campaign QSP_208 added successfully]]>
    </system-out>
  </testcase> <!-- createCampaignWithDateTest -->
  <system-out>
    <![CDATA[Campaign QSP_3277 added successfully
Campaign QSP_208 added successfully
Product iPhone_3864 added successfully
Validation is successful
Contact Test_130 added successfully]]>
  </system-out>
</testsuite> <!-- CampaignTest.CreateCampaignTest -->
