<?xml version="1.0" encoding="UTF-8"?>
<!-- Generated by org.testng.reporters.JUnitReportReporter -->
<testsuite hostname="LAPTOP-PFDOKATC" failures="0" tests="1" name="ProductTest.createProductTest" time="12.856" errors="0" timestamp="2025-04-04T21:04:27 IST" skipped="0">
  <testcase classname="ProductTest.createProductTest" name="addProductTest" time="12.856">
    <system-out>
      <![CDATA[Product iPhone_3864 added successfully]]>
    </system-out>
  </testcase> <!-- addProductTest -->
  <system-out>
    <![CDATA[Campaign QSP_3277 added successfully
Campaign QSP_208 added successfully
Product iPhone_3864 added successfully
Validation is successful
Contact Test_130 added successfully]]>
  </system-out>
</testsuite> <!-- ProductTest.createProductTest -->
