<?xml version="1.0" encoding="UTF-8"?>
<!-- Generated by org.testng.reporters.JUnitReportReporter -->
<testsuite hostname="LAPTOP-PFDOKATC" failures="0" tests="1" name="CampaignTest.CreateCampaign" time="16.141" errors="0" timestamp="2025-04-04T20:46:23 IST" skipped="0">
  <testcase classname="CampaignTest.CreateCampaign" name="createCampaignWithDateTest" time="16.141">
    <system-out>
      <![CDATA[Campaign QSP_1227 added successfully]]>
    </system-out>
  </testcase> <!-- createCampaignWithDateTest -->
  <system-out>
    <![CDATA[Campaign QSP_1227 added successfully]]>
  </system-out>
</testsuite> <!-- CampaignTest.CreateCampaign -->
