<?xml version="1.0" encoding="UTF-8"?>
<!-- Generated by org.testng.reporters.JUnitReportReporter -->
<testsuite hostname="LAPTOP-PFDOKATC" failures="0" tests="3" name="DDTPractice.DataProviderUsage" time="0.011" errors="0" timestamp="2025-03-25T20:53:19 IST" skipped="0">
  <testcase classname="DDTPractice.DataProviderUsage" name="testCase" time="0.001"/>
  <testcase classname="DDTPractice.DataProviderUsage" name="testCase" time="0.010"/>
  <testcase classname="DDTPractice.DataProviderUsage" name="testCase" time="0.000"/>
</testsuite> <!-- DDTPractice.DataProviderUsage -->
