<?xml version="1.0" encoding="UTF-8"?>
<!-- Generated by org.testng.reporters.JUnitReportReporter -->
<testsuite hostname="LAPTOP-PFDOKATC" failures="0" tests="1" name="ContactTest.createContactTest" time="21.233" errors="0" timestamp="2025-04-04T21:04:27 IST" skipped="0">
  <testcase classname="ContactTest.createContactTest" name="createContactWithCampaignTest" time="21.233">
    <system-out>
      <![CDATA[Contact Test_130 added successfully]]>
    </system-out>
  </testcase> <!-- createContactWithCampaignTest -->
  <system-out>
    <![CDATA[Campaign QSP_3277 added successfully
Campaign QSP_208 added successfully
Product iPhone_3864 added successfully
Validation is successful
Contact Test_130 added successfully]]>
  </system-out>
</testsuite> <!-- ContactTest.createContactTest -->
