<?xml version="1.0" encoding="UTF-8"?>
<!-- Generated by org.testng.reporters.JUnitReportReporter -->
<testsuite hostname="LAPTOP-PFDOKATC" failures="0" tests="1" name="Login.LoginTest" time="5.673" errors="0" timestamp="2025-04-11T23:20:56 IST" skipped="0">
  <testcase classname="Login.LoginTest" name="loginTest" time="5.673">
    <system-out>
      <![CDATA[Validation is successful]]>
    </system-out>
  </testcase> <!-- loginTest -->
  <system-out>
    <![CDATA[Campaign QSP_4128 added successfully
Campaign QSP_1221 added successfully
Product iPhone_2687 added successfully
Validation is successful
Contact Test_1691 added successfully]]>
  </system-out>
</testsuite> <!-- Login.LoginTest -->
