<?xml version="1.0" encoding="UTF-8"?>
<!-- Generated by org.testng.reporters.JUnitReportReporter -->
<testsuite hostname="LAPTOP-PFDOKATC" failures="0" tests="1" name="ContactTest.createContact" time="25.009" errors="0" timestamp="2025-03-29T20:55:26 IST" skipped="0">
  <testcase classname="ContactTest.createContact" name="createContactWithCampaignTest" time="25.009">
    <system-out>
      <![CDATA[Contact Test_881 added successfully]]>
    </system-out>
  </testcase> <!-- createContactWithCampaignTest -->
  <system-out>
    <![CDATA[Campaign QSP_87 added successfully
Campaign QSP_374 added successfully
Contact Test_881 added successfully]]>
  </system-out>
</testsuite> <!-- ContactTest.createContact -->
